t=2026-05-14T15:23:24+0800 lvl=info msg="no configuration paths supplied"
t=2026-05-14T15:23:24+0800 lvl=info msg="using configuration at default config path" path="/Users/aagungwwahyu/Library/Application Support/ngrok/ngrok.yml"
t=2026-05-14T15:23:24+0800 lvl=info msg="open config file" path="/Users/aagungwwahyu/Library/Application Support/ngrok/ngrok.yml" err=nil
t=2026-05-14T15:23:24+0800 lvl=info msg="FIPS 140 mode" enabled=false
t=2026-05-14T15:23:24+0800 lvl=info msg="starting web service" obj=web addr=127.0.0.1:4040 allow_hosts=[]
t=2026-05-14T15:23:25+0800 lvl=info msg="client session established" obj=tunnels.session
t=2026-05-14T15:23:25+0800 lvl=info msg="tunnel session started" obj=tunnels.session
t=2026-05-14T15:23:25+0800 lvl=info msg="update available" obj=updater
t=2026-05-14T15:23:26+0800 lvl=info msg="started tunnel" obj=tunnels name=command_line addr=http://localhost:5000 url=https://0fb0-2405-8180-a01-4a61-952d-21b9-c50-1bbd.ngrok-free.app
t=2026-05-14T15:23:56+0800 lvl=warn msg="failed to open private leg" id=8c73d5dd1ce2 privaddr=localhost:5000 err="dial tcp [::1]:5000: connect: connection refused"
t=2026-05-14T15:24:07+0800 lvl=warn msg="failed to open private leg" id=40b0847c20ff privaddr=localhost:5000 err="dial tcp [::1]:5000: connect: connection refused"
t=2026-05-14T15:26:59+0800 lvl=info msg="join connections" obj=join id=ab4207b762e4 l=[::1]:5000 r=[2405:8180:a01:4a61:952d:21b9:c50:1bbd]:65322
t=2026-05-14T15:27:08+0800 lvl=info msg="join connections" obj=join id=686a650f937d l=[::1]:5000 r=[2405:8180:a01:4a61:952d:21b9:c50:1bbd]:65322
t=2026-05-14T15:27:37+0800 lvl=info msg="join connections" obj=join id=f9dd4c97168d l=[::1]:5000 r=[2405:8180:a01:4a61:c038:8aec:a415:34c3]:60793
t=2026-05-14T15:27:37+0800 lvl=info msg="join connections" obj=join id=4a9ee4d67657 l=[::1]:5000 r=[2405:8180:a01:4a61:c038:8aec:a415:34c3]:60793
t=2026-05-14T15:27:37+0800 lvl=info msg="join connections" obj=join id=b8ca23b65cc1 l=[::1]:5000 r=[2405:8180:a01:4a61:c038:8aec:a415:34c3]:60793
t=2026-05-14T15:27:37+0800 lvl=info msg="join connections" obj=join id=5099cca9cafa l=[::1]:5000 r=[2405:8180:a01:4a61:c038:8aec:a415:34c3]:60793
t=2026-05-14T15:27:37+0800 lvl=info msg="join connections" obj=join id=ac72e88eaf61 l=[::1]:5000 r=[2405:8180:a01:4a61:c038:8aec:a415:34c3]:60793
t=2026-05-14T15:28:02+0800 lvl=info msg="join connections" obj=join id=10495938b78f l=[::1]:5000 r=147.139.209.91:55983
t=2026-05-14T15:28:25+0800 lvl=info msg="join connections" obj=join id=7c32ff0c39b8 l=[::1]:5000 r=[2405:8180:a01:4a61:c038:8aec:a415:34c3]:60793
t=2026-05-14T15:28:25+0800 lvl=info msg="join connections" obj=join id=2c593e1bca82 l=[::1]:5000 r=[2405:8180:a01:4a61:c038:8aec:a415:34c3]:60793
t=2026-05-14T15:28:25+0800 lvl=info msg="join connections" obj=join id=59cc372bd122 l=[::1]:5000 r=[2405:8180:a01:4a61:c038:8aec:a415:34c3]:60793
t=2026-05-14T15:28:25+0800 lvl=info msg="join connections" obj=join id=6d6fd6f9265f l=[::1]:5000 r=[2405:8180:a01:4a61:c038:8aec:a415:34c3]:60793
t=2026-05-14T15:28:37+0800 lvl=info msg="join connections" obj=join id=d44f33f8433c l=[::1]:5000 r=[2405:8180:a01:4a61:c038:8aec:a415:34c3]:60793
t=2026-05-14T15:28:41+0800 lvl=info msg="join connections" obj=join id=a23c4832cf19 l=[::1]:5000 r=[2405:8180:a01:4a61:c038:8aec:a415:34c3]:60793
t=2026-05-14T15:28:41+0800 lvl=info msg="join connections" obj=join id=3286efcdb646 l=[::1]:5000 r=[2405:8180:a01:4a61:c038:8aec:a415:34c3]:60793
t=2026-05-14T15:28:41+0800 lvl=info msg="join connections" obj=join id=4e06e42bcf4b l=[::1]:5000 r=[2405:8180:a01:4a61:c038:8aec:a415:34c3]:60793
t=2026-05-14T15:30:01+0800 lvl=info msg="join connections" obj=join id=2d63106eaf42 l=[::1]:5000 r=8.215.21.228:53594
t=2026-05-14T15:32:52+0800 lvl=info msg="join connections" obj=join id=79af51e79a78 l=[::1]:5000 r=[2405:8180:a01:4a61:c038:8aec:a415:34c3]:63339
t=2026-05-14T15:32:52+0800 lvl=info msg="join connections" obj=join id=a1cdb93b80fe l=[::1]:5000 r=[2405:8180:a01:4a61:c038:8aec:a415:34c3]:63339
t=2026-05-14T15:32:52+0800 lvl=info msg="join connections" obj=join id=20da1e3c9382 l=[::1]:5000 r=[2405:8180:a01:4a61:c038:8aec:a415:34c3]:63339
t=2026-05-14T15:33:03+0800 lvl=info msg="join connections" obj=join id=77fe6304bddd l=[::1]:5000 r=[2405:8180:a01:4a61:c038:8aec:a415:34c3]:63339
t=2026-05-14T15:33:03+0800 lvl=info msg="join connections" obj=join id=ba613bbe4bfc l=[::1]:5000 r=[2405:8180:a01:4a61:c038:8aec:a415:34c3]:63339
t=2026-05-14T15:33:03+0800 lvl=info msg="join connections" obj=join id=f4c188567245 l=[::1]:5000 r=[2405:8180:a01:4a61:c038:8aec:a415:34c3]:63339
t=2026-05-14T15:34:05+0800 lvl=info msg="join connections" obj=join id=c888a5824766 l=[::1]:5000 r=[2405:8180:a01:4a61:c038:8aec:a415:34c3]:63339
t=2026-05-14T15:34:05+0800 lvl=info msg="join connections" obj=join id=32be5b8a1aa0 l=[::1]:5000 r=[2405:8180:a01:4a61:c038:8aec:a415:34c3]:63339
t=2026-05-14T15:34:05+0800 lvl=info msg="join connections" obj=join id=ea2c71cb7254 l=[::1]:5000 r=[2405:8180:a01:4a61:c038:8aec:a415:34c3]:63339
t=2026-05-14T15:34:43+0800 lvl=info msg="join connections" obj=join id=b9a89339ca6c l=[::1]:5000 r=8.215.23.167:40893
t=2026-05-14T15:38:08+0800 lvl=info msg="join connections" obj=join id=52042d49abb1 l=[::1]:5000 r=[2405:8180:a01:4a61:c038:8aec:a415:34c3]:54925
t=2026-05-14T15:38:08+0800 lvl=info msg="join connections" obj=join id=670c2261ba50 l=[::1]:5000 r=[2405:8180:a01:4a61:c038:8aec:a415:34c3]:54925
t=2026-05-14T15:38:08+0800 lvl=info msg="join connections" obj=join id=51de0dcb5594 l=[::1]:5000 r=[2405:8180:a01:4a61:c038:8aec:a415:34c3]:54925
t=2026-05-14T15:38:51+0800 lvl=info msg="join connections" obj=join id=68bc62e4110a l=[::1]:5000 r=[2405:8180:a01:4a61:c038:8aec:a415:34c3]:54925
t=2026-05-14T15:38:51+0800 lvl=info msg="join connections" obj=join id=1dbf57f2cad2 l=[::1]:5000 r=[2405:8180:a01:4a61:c038:8aec:a415:34c3]:54925
t=2026-05-14T15:38:51+0800 lvl=info msg="join connections" obj=join id=fcff3059c2cd l=[::1]:5000 r=[2405:8180:a01:4a61:c038:8aec:a415:34c3]:54925
t=2026-05-14T15:42:01+0800 lvl=info msg="join connections" obj=join id=d4cb9363e48a l=[::1]:5000 r=[2405:8180:a01:4a61:c038:8aec:a415:34c3]:54925
t=2026-05-14T15:42:01+0800 lvl=info msg="join connections" obj=join id=1905fd4ff55b l=[::1]:5000 r=[2405:8180:a01:4a61:c038:8aec:a415:34c3]:54925
t=2026-05-14T15:42:01+0800 lvl=info msg="join connections" obj=join id=45abc9675ab0 l=[::1]:5000 r=[2405:8180:a01:4a61:c038:8aec:a415:34c3]:54925
t=2026-05-14T15:42:01+0800 lvl=info msg="join connections" obj=join id=82a7264e85ab l=[::1]:5000 r=[2405:8180:a01:4a61:c038:8aec:a415:34c3]:54925
t=2026-05-14T15:42:10+0800 lvl=info msg="join connections" obj=join id=1b82516da1aa l=[::1]:5000 r=[2405:8180:a01:4a61:c038:8aec:a415:34c3]:54925
t=2026-05-14T15:42:11+0800 lvl=info msg="join connections" obj=join id=9919e79aae40 l=[::1]:5000 r=[2405:8180:a01:4a61:c038:8aec:a415:34c3]:54925
t=2026-05-14T15:42:11+0800 lvl=info msg="join connections" obj=join id=22c2cc1a0b93 l=[::1]:5000 r=[2405:8180:a01:4a61:c038:8aec:a415:34c3]:54925
t=2026-05-14T15:42:12+0800 lvl=info msg="join connections" obj=join id=0a9ccbdcd8e8 l=[::1]:5000 r=[2405:8180:a01:4a61:c038:8aec:a415:34c3]:54925
t=2026-05-14T15:42:13+0800 lvl=info msg="join connections" obj=join id=8ff8f7d9baba l=[::1]:5000 r=[2405:8180:a01:4a61:c038:8aec:a415:34c3]:54925
t=2026-05-14T15:42:30+0800 lvl=info msg="join connections" obj=join id=6bb076f06cb7 l=[::1]:5000 r=[2405:8180:a01:4a61:c038:8aec:a415:34c3]:54925
t=2026-05-14T15:42:30+0800 lvl=info msg="join connections" obj=join id=6f3225c44132 l=[::1]:5000 r=[2405:8180:a01:4a61:c038:8aec:a415:34c3]:54925
t=2026-05-14T15:42:50+0800 lvl=info msg="join connections" obj=join id=6e27091bea9f l=[::1]:5000 r=[2405:8180:a01:4a61:c038:8aec:a415:34c3]:54925
t=2026-05-14T15:42:50+0800 lvl=info msg="join connections" obj=join id=ac903c1f69c3 l=[::1]:5000 r=[2405:8180:a01:4a61:c038:8aec:a415:34c3]:54925
t=2026-05-14T15:43:28+0800 lvl=info msg="join connections" obj=join id=5c8c181b5a4b l=[::1]:5000 r=[2405:8180:a01:4a61:c038:8aec:a415:34c3]:54925
t=2026-05-14T15:43:39+0800 lvl=info msg="join connections" obj=join id=c35c7233f174 l=[::1]:5000 r=[2405:8180:a01:4a61:c038:8aec:a415:34c3]:54925
t=2026-05-14T15:44:15+0800 lvl=info msg="join connections" obj=join id=60787b8d01c2 l=[::1]:5000 r=[2405:8180:a01:4a61:c038:8aec:a415:34c3]:54925
t=2026-05-14T15:44:15+0800 lvl=info msg="join connections" obj=join id=e761baa19afa l=[::1]:5000 r=[2405:8180:a01:4a61:c038:8aec:a415:34c3]:54925
t=2026-05-14T15:44:15+0800 lvl=info msg="join connections" obj=join id=03cfe73e62ed l=[::1]:5000 r=[2405:8180:a01:4a61:c038:8aec:a415:34c3]:54925
t=2026-05-14T15:44:15+0800 lvl=info msg="join connections" obj=join id=baa958e52128 l=[::1]:5000 r=[2405:8180:a01:4a61:c038:8aec:a415:34c3]:54925
t=2026-05-14T15:44:29+0800 lvl=info msg="join connections" obj=join id=3af403c7740c l=[::1]:5000 r=[2405:8180:a01:4a61:c038:8aec:a415:34c3]:54925
t=2026-05-14T15:44:29+0800 lvl=info msg="join connections" obj=join id=1c195a00378b l=[::1]:5000 r=[2405:8180:a01:4a61:c038:8aec:a415:34c3]:54925
t=2026-05-14T15:44:29+0800 lvl=info msg="join connections" obj=join id=9943d1bc51cd l=[::1]:5000 r=[2405:8180:a01:4a61:c038:8aec:a415:34c3]:54925
t=2026-05-14T15:44:29+0800 lvl=info msg="join connections" obj=join id=c43c1249b335 l=[::1]:5000 r=[2405:8180:a01:4a61:c038:8aec:a415:34c3]:54925
t=2026-05-14T15:44:38+0800 lvl=info msg="join connections" obj=join id=4939812f09f8 l=[::1]:5000 r=[2405:8180:a01:4a61:c038:8aec:a415:34c3]:54925
t=2026-05-14T15:44:38+0800 lvl=info msg="join connections" obj=join id=742b85fdaa5a l=[::1]:5000 r=[2405:8180:a01:4a61:c038:8aec:a415:34c3]:54925
t=2026-05-14T15:44:38+0800 lvl=info msg="join connections" obj=join id=23356a08c4e8 l=[::1]:5000 r=[2405:8180:a01:4a61:c038:8aec:a415:34c3]:54925
t=2026-05-14T15:47:10+0800 lvl=info msg="join connections" obj=join id=b52bff81325b l=[::1]:5000 r=[2405:8180:a01:4a61:c038:8aec:a415:34c3]:54925
t=2026-05-14T15:47:10+0800 lvl=info msg="join connections" obj=join id=fd9f6a9b7eae l=[::1]:5000 r=[2405:8180:a01:4a61:c038:8aec:a415:34c3]:54925
t=2026-05-14T15:47:10+0800 lvl=info msg="join connections" obj=join id=f2fae32afcb1 l=[::1]:5000 r=[2405:8180:a01:4a61:c038:8aec:a415:34c3]:54925
t=2026-05-14T15:47:10+0800 lvl=info msg="join connections" obj=join id=a88ea6176aba l=[::1]:5000 r=[2405:8180:a01:4a61:c038:8aec:a415:34c3]:54925
t=2026-05-14T15:47:43+0800 lvl=info msg="join connections" obj=join id=9ad5142c5317 l=[::1]:5000 r=[2405:8180:a01:4a61:c038:8aec:a415:34c3]:54925
t=2026-05-14T15:47:43+0800 lvl=info msg="join connections" obj=join id=3ab125436082 l=[::1]:5000 r=[2405:8180:a01:4a61:c038:8aec:a415:34c3]:54925
t=2026-05-14T15:47:43+0800 lvl=info msg="join connections" obj=join id=8eb64fe3bddb l=[::1]:5000 r=[2405:8180:a01:4a61:c038:8aec:a415:34c3]:54925
t=2026-05-14T15:47:53+0800 lvl=info msg="join connections" obj=join id=0730baec0e31 l=[::1]:5000 r=[2405:8180:a01:4a61:c038:8aec:a415:34c3]:54925
t=2026-05-14T15:47:56+0800 lvl=info msg="join connections" obj=join id=68c45a155c98 l=[::1]:5000 r=[2405:8180:a01:4a61:c038:8aec:a415:34c3]:54925
t=2026-05-14T15:47:56+0800 lvl=info msg="join connections" obj=join id=b37cdd48c513 l=[::1]:5000 r=[2405:8180:a01:4a61:c038:8aec:a415:34c3]:54925
t=2026-05-14T15:47:56+0800 lvl=info msg="join connections" obj=join id=9cbf94218e2c l=[::1]:5000 r=[2405:8180:a01:4a61:c038:8aec:a415:34c3]:54925
t=2026-05-14T15:48:02+0800 lvl=info msg="join connections" obj=join id=31021ab622ea l=[::1]:5000 r=[2405:8180:a01:4a61:c038:8aec:a415:34c3]:54925
t=2026-05-14T15:48:02+0800 lvl=info msg="join connections" obj=join id=30fa113a1d91 l=[::1]:5000 r=[2405:8180:a01:4a61:c038:8aec:a415:34c3]:54925
t=2026-05-14T15:48:02+0800 lvl=info msg="join connections" obj=join id=91ddb1bd8f40 l=[::1]:5000 r=[2405:8180:a01:4a61:c038:8aec:a415:34c3]:54925
t=2026-05-14T15:48:08+0800 lvl=info msg="join connections" obj=join id=cb7c3ad38757 l=[::1]:5000 r=[2405:8180:a01:4a61:c038:8aec:a415:34c3]:54925
t=2026-05-14T15:48:21+0800 lvl=info msg="join connections" obj=join id=6303954a970f l=[::1]:5000 r=8.215.21.228:8055
t=2026-05-14T15:50:08+0800 lvl=info msg="join connections" obj=join id=a8f46d9cf7a7 l=[::1]:5000 r=147.139.173.83:16705
t=2026-05-14T15:50:34+0800 lvl=info msg="join connections" obj=join id=5291192def19 l=[::1]:5000 r=8.215.23.167:24300
t=2026-05-14T15:51:09+0800 lvl=info msg="join connections" obj=join id=c0e702b03c19 l=[::1]:5000 r=[2405:8180:a01:4a61:c038:8aec:a415:34c3]:50308
t=2026-05-14T15:51:09+0800 lvl=info msg="join connections" obj=join id=ebf924ff0a4f l=[::1]:5000 r=[2405:8180:a01:4a61:c038:8aec:a415:34c3]:50308
t=2026-05-14T15:51:09+0800 lvl=info msg="join connections" obj=join id=fcfebbbb790e l=[::1]:5000 r=[2405:8180:a01:4a61:c038:8aec:a415:34c3]:50308
t=2026-05-14T15:51:09+0800 lvl=info msg="join connections" obj=join id=fe4e3a638780 l=[::1]:5000 r=[2405:8180:a01:4a61:c038:8aec:a415:34c3]:50308
t=2026-05-14T15:51:20+0800 lvl=info msg="join connections" obj=join id=90f82f6e776e l=[::1]:5000 r=[2405:8180:a01:4a61:c038:8aec:a415:34c3]:50308
t=2026-05-14T15:51:20+0800 lvl=info msg="join connections" obj=join id=296cbed50d7c l=[::1]:5000 r=[2405:8180:a01:4a61:c038:8aec:a415:34c3]:50308
t=2026-05-14T15:51:20+0800 lvl=info msg="join connections" obj=join id=e1b0537faa43 l=[::1]:5000 r=[2405:8180:a01:4a61:c038:8aec:a415:34c3]:50308
t=2026-05-14T15:51:20+0800 lvl=info msg="join connections" obj=join id=b56c7ea2abd6 l=[::1]:5000 r=[2405:8180:a01:4a61:c038:8aec:a415:34c3]:50308
t=2026-05-14T15:52:02+0800 lvl=info msg="join connections" obj=join id=523b1e3fd953 l=[::1]:5000 r=8.215.23.167:4866
t=2026-05-14T15:53:03+0800 lvl=info msg="join connections" obj=join id=ed259eaa297a l=[::1]:5000 r=[2405:8180:a01:4a61:c038:8aec:a415:34c3]:50308
t=2026-05-14T15:53:03+0800 lvl=info msg="join connections" obj=join id=0f18ce1c0553 l=[::1]:5000 r=[2405:8180:a01:4a61:c038:8aec:a415:34c3]:50308
t=2026-05-14T15:53:03+0800 lvl=info msg="join connections" obj=join id=e5be5e0907be l=[::1]:5000 r=[2405:8180:a01:4a61:c038:8aec:a415:34c3]:50308
t=2026-05-14T15:53:03+0800 lvl=info msg="join connections" obj=join id=03e7e79c49e3 l=[::1]:5000 r=[2405:8180:a01:4a61:c038:8aec:a415:34c3]:50308
t=2026-05-14T15:53:03+0800 lvl=info msg="join connections" obj=join id=c95e051133cb l=[::1]:5000 r=[2405:8180:a01:4a61:c038:8aec:a415:34c3]:50308
t=2026-05-14T15:53:07+0800 lvl=info msg="join connections" obj=join id=833e558841cc l=[::1]:5000 r=8.215.21.228:41269
t=2026-05-14T15:53:24+0800 lvl=info msg="join connections" obj=join id=a72dd3969c09 l=[::1]:5000 r=[2405:8180:a01:4a61:c038:8aec:a415:34c3]:50308
t=2026-05-14T15:53:24+0800 lvl=info msg="join connections" obj=join id=19eda9c10c7d l=[::1]:5000 r=[2405:8180:a01:4a61:c038:8aec:a415:34c3]:50308
t=2026-05-14T15:53:24+0800 lvl=info msg="join connections" obj=join id=6589c77fd98e l=[::1]:5000 r=[2405:8180:a01:4a61:c038:8aec:a415:34c3]:50308
t=2026-05-14T15:53:24+0800 lvl=info msg="join connections" obj=join id=0ebbdbe57dcb l=[::1]:5000 r=[2405:8180:a01:4a61:c038:8aec:a415:34c3]:50308
t=2026-05-14T15:53:29+0800 lvl=info msg="join connections" obj=join id=998c1d151a52 l=[::1]:5000 r=[2405:8180:a01:4a61:c038:8aec:a415:34c3]:50308
t=2026-05-14T15:53:29+0800 lvl=info msg="join connections" obj=join id=5ff48a2487e0 l=[::1]:5000 r=[2405:8180:a01:4a61:c038:8aec:a415:34c3]:50308
t=2026-05-14T15:55:57+0800 lvl=info msg="join connections" obj=join id=c65c0938cc0b l=[::1]:5000 r=8.215.23.167:2563
t=2026-05-14T15:56:43+0800 lvl=info msg="join connections" obj=join id=10a5743268c8 l=[::1]:5000 r=[2405:8180:a01:4a61:c038:8aec:a415:34c3]:50308
t=2026-05-14T15:57:33+0800 lvl=info msg="join connections" obj=join id=8b2f40e83bea l=[::1]:5000 r=[2405:8180:a01:4a61:c038:8aec:a415:34c3]:50308
t=2026-05-14T16:21:22+0800 lvl=info msg="join connections" obj=join id=6fa1bd3fe9b0 l=[::1]:5000 r=[2405:8180:a01:4a61:c038:8aec:a415:34c3]:63669
t=2026-05-14T16:21:22+0800 lvl=info msg="join connections" obj=join id=0a089d52f969 l=[::1]:5000 r=[2405:8180:a01:4a61:c038:8aec:a415:34c3]:63669
t=2026-05-14T16:21:22+0800 lvl=info msg="join connections" obj=join id=af0b60a5a24f l=[::1]:5000 r=[2405:8180:a01:4a61:c038:8aec:a415:34c3]:63669
t=2026-05-14T16:21:22+0800 lvl=info msg="join connections" obj=join id=f22e6e9fec84 l=[::1]:5000 r=[2405:8180:a01:4a61:c038:8aec:a415:34c3]:63669
t=2026-05-14T16:21:30+0800 lvl=info msg="join connections" obj=join id=777e1eb631e6 l=[::1]:5000 r=[2405:8180:a01:4a61:c038:8aec:a415:34c3]:63669
t=2026-05-14T16:21:33+0800 lvl=info msg="join connections" obj=join id=925fe757cf8c l=[::1]:5000 r=[2405:8180:a01:4a61:c038:8aec:a415:34c3]:63669
t=2026-05-14T16:21:33+0800 lvl=info msg="join connections" obj=join id=c859b31bb496 l=[::1]:5000 r=[2405:8180:a01:4a61:c038:8aec:a415:34c3]:63669
t=2026-05-14T16:21:33+0800 lvl=info msg="join connections" obj=join id=b838330baa89 l=[::1]:5000 r=[2405:8180:a01:4a61:c038:8aec:a415:34c3]:63669
t=2026-05-14T16:21:37+0800 lvl=info msg="join connections" obj=join id=baa0399bcc76 l=[::1]:5000 r=[2405:8180:a01:4a61:c038:8aec:a415:34c3]:63669
t=2026-05-14T16:21:38+0800 lvl=info msg="join connections" obj=join id=9cd97f87a5b7 l=[::1]:5000 r=[2405:8180:a01:4a61:c038:8aec:a415:34c3]:63669
t=2026-05-14T16:21:38+0800 lvl=info msg="join connections" obj=join id=2ecb1aeacd97 l=[::1]:5000 r=[2405:8180:a01:4a61:c038:8aec:a415:34c3]:63669
t=2026-05-14T16:21:48+0800 lvl=info msg="join connections" obj=join id=ed7817a7c4fb l=[::1]:5000 r=[2405:8180:a01:4a61:c038:8aec:a415:34c3]:63669
t=2026-05-14T16:21:48+0800 lvl=info msg="join connections" obj=join id=2681dfdb6a6e l=[::1]:5000 r=[2405:8180:a01:4a61:c038:8aec:a415:34c3]:63669
t=2026-05-14T16:21:48+0800 lvl=info msg="join connections" obj=join id=b8be3a00c782 l=[::1]:5000 r=[2405:8180:a01:4a61:c038:8aec:a415:34c3]:63669
t=2026-05-14T16:22:02+0800 lvl=info msg="join connections" obj=join id=618626e1ccb0 l=[::1]:5000 r=8.215.23.167:9581
t=2026-05-14T16:22:16+0800 lvl=info msg="join connections" obj=join id=2ca76baddd4f l=[::1]:5000 r=[2405:8180:a01:4a61:c038:8aec:a415:34c3]:63675
t=2026-05-14T16:22:51+0800 lvl=info msg="join connections" obj=join id=5f201e3078fc l=[::1]:5000 r=[2405:8180:a01:4a61:c038:8aec:a415:34c3]:63675
t=2026-05-14T16:22:59+0800 lvl=info msg="join connections" obj=join id=8117b7282c30 l=[::1]:5000 r=147.139.206.250:6697
t=2026-05-14T16:23:16+0800 lvl=info msg="join connections" obj=join id=32625bbe3040 l=[::1]:5000 r=147.139.173.83:33745
t=2026-05-14T16:23:26+0800 lvl=info msg="join connections" obj=join id=2c667478f95d l=[::1]:5000 r=[2405:8180:a01:4a61:c038:8aec:a415:34c3]:63675
t=2026-05-14T16:25:32+0800 lvl=info msg="join connections" obj=join id=7cba01d5b28a l=[::1]:5000 r=147.139.173.83:35527
t=2026-05-14T16:26:03+0800 lvl=info msg="join connections" obj=join id=ed4ea222a7d4 l=[::1]:5000 r=[2405:8180:a01:4a61:952d:21b9:c50:1bbd]:51881
t=2026-05-14T16:26:11+0800 lvl=info msg="join connections" obj=join id=2df5aa0cef15 l=[::1]:5000 r=[2405:8180:a01:4a61:952d:21b9:c50:1bbd]:51891
t=2026-05-14T16:26:17+0800 lvl=info msg="join connections" obj=join id=ea3b9e232746 l=[::1]:5000 r=[2405:8180:a01:4a61:952d:21b9:c50:1bbd]:51908
t=2026-05-14T16:28:09+0800 lvl=info msg="join connections" obj=join id=8f1b137e9efb l=[::1]:5000 r=[2405:8180:a01:4a61:c038:8aec:a415:34c3]:63684
t=2026-05-14T16:29:08+0800 lvl=info msg="join connections" obj=join id=04b502a019b3 l=[::1]:5000 r=149.129.227.68:23877
t=2026-05-14T16:29:37+0800 lvl=info msg="join connections" obj=join id=bd31de436c8b l=[::1]:5000 r=[2405:8180:a01:4a61:c038:8aec:a415:34c3]:63684
t=2026-05-14T16:31:31+0800 lvl=info msg="join connections" obj=join id=b0d1178ecbf2 l=[::1]:5000 r=[2405:8180:a01:4a61:c038:8aec:a415:34c3]:63684
t=2026-05-14T16:31:47+0800 lvl=info msg="join connections" obj=join id=d556aec5626f l=[::1]:5000 r=[2405:8180:a01:4a61:c038:8aec:a415:34c3]:63684
t=2026-05-14T16:31:47+0800 lvl=info msg="join connections" obj=join id=3746348ed664 l=[::1]:5000 r=[2405:8180:a01:4a61:c038:8aec:a415:34c3]:63684
t=2026-05-14T16:31:47+0800 lvl=info msg="join connections" obj=join id=6c9643184323 l=[::1]:5000 r=[2405:8180:a01:4a61:c038:8aec:a415:34c3]:63684
t=2026-05-14T16:31:47+0800 lvl=info msg="join connections" obj=join id=8c213cc8f63b l=[::1]:5000 r=[2405:8180:a01:4a61:c038:8aec:a415:34c3]:63684
t=2026-05-14T16:32:28+0800 lvl=info msg="join connections" obj=join id=96a16ca25364 l=[::1]:5000 r=8.215.21.228:12198
t=2026-05-14T16:33:34+0800 lvl=info msg="join connections" obj=join id=74e38fb46869 l=[::1]:5000 r=[2405:8180:a01:4a61:c038:8aec:a415:34c3]:63684
t=2026-05-14T16:33:34+0800 lvl=info msg="join connections" obj=join id=19be63829877 l=[::1]:5000 r=[2405:8180:a01:4a61:c038:8aec:a415:34c3]:63684
t=2026-05-14T16:33:34+0800 lvl=info msg="join connections" obj=join id=7bb596749edf l=[::1]:5000 r=[2405:8180:a01:4a61:c038:8aec:a415:34c3]:63684
t=2026-05-14T16:33:34+0800 lvl=info msg="join connections" obj=join id=2f23146e71a6 l=[::1]:5000 r=[2405:8180:a01:4a61:c038:8aec:a415:34c3]:63684
t=2026-05-14T16:33:55+0800 lvl=info msg="join connections" obj=join id=6db501efaf88 l=[::1]:5000 r=[2405:8180:a01:4a61:c038:8aec:a415:34c3]:63684
t=2026-05-14T16:33:55+0800 lvl=info msg="join connections" obj=join id=4a4e5e120596 l=[::1]:5000 r=[2405:8180:a01:4a61:c038:8aec:a415:34c3]:63684
t=2026-05-14T16:33:55+0800 lvl=info msg="join connections" obj=join id=d7b73e5f5610 l=[::1]:5000 r=[2405:8180:a01:4a61:c038:8aec:a415:34c3]:63684
t=2026-05-14T16:33:55+0800 lvl=info msg="join connections" obj=join id=7272e6e361ee l=[::1]:5000 r=[2405:8180:a01:4a61:c038:8aec:a415:34c3]:63684
t=2026-05-14T16:34:06+0800 lvl=info msg="join connections" obj=join id=bb9765c62ee1 l=[::1]:5000 r=[2405:8180:a01:4a61:c038:8aec:a415:34c3]:63684
t=2026-05-14T16:34:06+0800 lvl=info msg="join connections" obj=join id=4ac27073d375 l=[::1]:5000 r=[2405:8180:a01:4a61:c038:8aec:a415:34c3]:63684
t=2026-05-14T16:34:06+0800 lvl=info msg="join connections" obj=join id=54eabb1163a7 l=[::1]:5000 r=[2405:8180:a01:4a61:c038:8aec:a415:34c3]:63684
t=2026-05-14T16:34:06+0800 lvl=info msg="join connections" obj=join id=e1fd99e81f35 l=[::1]:5000 r=[2405:8180:a01:4a61:c038:8aec:a415:34c3]:63684
t=2026-05-14T16:34:15+0800 lvl=info msg="join connections" obj=join id=8f2b0a150b70 l=[::1]:5000 r=[2405:8180:a01:4a61:c038:8aec:a415:34c3]:63684
t=2026-05-14T16:34:15+0800 lvl=info msg="join connections" obj=join id=33b76f0de24a l=[::1]:5000 r=[2405:8180:a01:4a61:c038:8aec:a415:34c3]:63684
t=2026-05-14T16:34:15+0800 lvl=info msg="join connections" obj=join id=f9aec364b09c l=[::1]:5000 r=[2405:8180:a01:4a61:c038:8aec:a415:34c3]:63684
t=2026-05-14T16:34:20+0800 lvl=info msg="join connections" obj=join id=0b1ad8e35b57 l=[::1]:5000 r=[2405:8180:a01:4a61:c038:8aec:a415:34c3]:63684
t=2026-05-14T16:34:33+0800 lvl=info msg="join connections" obj=join id=e42bc9562172 l=[::1]:5000 r=8.215.21.228:13196
t=2026-05-14T16:35:02+0800 lvl=info msg="join connections" obj=join id=c9d2097c28e3 l=[::1]:5000 r=8.215.21.228:22184
t=2026-05-14T16:35:30+0800 lvl=info msg="join connections" obj=join id=f9f2045f6842 l=[::1]:5000 r=[2405:8180:a01:4a61:c038:8aec:a415:34c3]:63700
t=2026-05-14T16:36:22+0800 lvl=info msg="join connections" obj=join id=28c333d7c51c l=[::1]:5000 r=8.215.23.167:55931
t=2026-05-14T16:36:29+0800 lvl=info msg="join connections" obj=join id=f5f5047a0821 l=[::1]:5000 r=8.215.21.228:5482
t=2026-05-14T16:37:21+0800 lvl=info msg="join connections" obj=join id=f44de8e40693 l=[::1]:5000 r=147.139.209.91:34704
t=2026-05-14T16:37:46+0800 lvl=info msg="join connections" obj=join id=d14e8436c873 l=[::1]:5000 r=147.139.213.108:23818
t=2026-05-14T16:37:53+0800 lvl=info msg="join connections" obj=join id=cd8b34e8e964 l=[::1]:5000 r=147.139.132.215:60226
t=2026-05-14T16:39:34+0800 lvl=info msg="join connections" obj=join id=1de425ea5bad l=[::1]:5000 r=147.139.132.215:32824
t=2026-05-14T16:39:37+0800 lvl=info msg="join connections" obj=join id=f19b2f812014 l=[::1]:5000 r=147.139.132.215:52990
t=2026-05-14T16:41:06+0800 lvl=info msg="join connections" obj=join id=213d6d6f90ae l=[::1]:5000 r=147.139.132.215:45826
t=2026-05-14T16:41:32+0800 lvl=info msg="join connections" obj=join id=3a2b95b7eddb l=[::1]:5000 r=147.139.209.91:55558
t=2026-05-14T16:42:58+0800 lvl=info msg="join connections" obj=join id=be879799dc37 l=[::1]:5000 r=147.139.209.91:28368
t=2026-05-14T16:43:26+0800 lvl=info msg="join connections" obj=join id=3bf8ba33dce0 l=[::1]:5000 r=147.139.173.83:7654
t=2026-05-14T16:45:21+0800 lvl=info msg="join connections" obj=join id=df62c9d495e4 l=[::1]:5000 r=[2405:8180:a01:4a61:c038:8aec:a415:34c3]:63706
t=2026-05-14T16:45:32+0800 lvl=info msg="join connections" obj=join id=194be7c589a5 l=[::1]:5000 r=[2405:8180:a01:4a61:c038:8aec:a415:34c3]:63706
t=2026-05-14T16:45:50+0800 lvl=info msg="join connections" obj=join id=0a30985178b5 l=[::1]:5000 r=8.215.21.228:47852
t=2026-05-14T16:46:37+0800 lvl=info msg="join connections" obj=join id=96257c5ab7b7 l=[::1]:5000 r=[2405:8180:a01:4a61:c038:8aec:a415:34c3]:63706
t=2026-05-14T16:46:44+0800 lvl=info msg="join connections" obj=join id=4d842aea7481 l=[::1]:5000 r=[2405:8180:a01:4a61:c038:8aec:a415:34c3]:63706
t=2026-05-14T16:47:19+0800 lvl=info msg="join connections" obj=join id=1eb411834b54 l=[::1]:5000 r=8.215.23.167:34560
t=2026-05-14T16:59:39+0800 lvl=info msg="received stop request" obj=app stopReq="{err:<nil> restart:false}"
t=2026-05-14T16:59:39+0800 lvl=info msg="session closing" obj=tunnels.session err=nil
t=2026-05-14T16:59:39+0800 lvl=info msg="accept failed" obj=tunnels.session obj=csess id=6495bd10ee3d err="reconnecting session closed"
t=2026-05-14T16:59:39+0800 lvl=info msg="failed to accept connection: Listener closed" obj=tunnels.session clientid=f37cd155a3cd825cf5e8ebee7586a0c4
t=2026-05-14T16:59:39+0800 lvl=warn msg="Stopping forwarder" name=command_line acceptErr="failed to accept connection: Listener closed"
